C51 COMPILER V9.57.0.0   MAIN                                                              05/01/2022 20:22:56 PAGE 1   


C51 COMPILER V9.57.0.0, COMPILATION OF MODULE MAIN
OBJECT MODULE PLACED IN .\Objects\main.obj
COMPILER INVOKED BY: G:\Keil\C51\BIN\C51.EXE main.c OPTIMIZE(8,SPEED) BROWSE DEBUG OBJECTEXTEND PRINT(.\Listings\main.ls
                    -t) OBJECT(.\Objects\main.obj)

line level    source

   1          #include<reg52.h>
   2          #define uchar unsigned char
   3          #define uint unsigned int
   4          
   5          uchar code table[]="I LOVE ME!";
   6          uchar code table1[]="HA-JOK.XYZ";
   7          
   8          sbit lcden=P3^4;
   9          sbit lcdrs=P3^5;
  10          sbit dula=P2^6;
  11          sbit wela=P2^7;
  12          uchar num;
  13          
  14          void delay (uint xms)
  15          {
  16   1              uint x,y;
  17   1              for(x=0;x<xms;x++)
  18   1                      for(y=0;y<110;y++);
  19   1      }
  20          
  21          void write_com(uchar com)
  22          {
  23   1              lcdrs=0;
  24   1              P0=com;
  25   1              delay(5);
  26   1              lcden=1;
  27   1              delay(5);
  28   1              lcden=0;
  29   1      }
  30          
  31          void write_data (uchar date)
  32          {
  33   1              lcdrs=1;
  34   1              P0=date;
  35   1              delay(5);
  36   1              lcden=1;
  37   1              delay(5);
  38   1              lcden=0;
  39   1      }
  40          
  41          void init()
  42          {
  43   1              dula=0;
  44   1              wela=0;
  45   1              lcden=0;
  46   1              write_com(0x38);
  47   1              write_com(0x0c);
  48   1              write_com(0x06);
  49   1              write_com(0x01);
  50   1      }
  51          
  52          void main()
  53          {
  54   1              init();
C51 COMPILER V9.57.0.0   MAIN                                                              05/01/2022 20:22:56 PAGE 2   

  55   1              write_com(0x80);
  56   1              for(num=0;num<10;num++)
  57   1              {
  58   2                      write_data(table[num]);
  59   2                      delay(5);
  60   2              }
  61   1              write_com(0x80+0x40);
  62   1              for(num=0;num<10;num++)
  63   1              {
  64   2                      write_data(table1[num]);
  65   2                      delay(5);
  66   2              }
  67   1              while(1);
  68   1      }
  69          
  70          
  71          


MODULE INFORMATION:   STATIC OVERLAYABLE
   CODE SIZE        =    150    ----
   CONSTANT SIZE    =     22    ----
   XDATA SIZE       =   ----    ----
   PDATA SIZE       =   ----    ----
   DATA SIZE        =      1    ----
   IDATA SIZE       =   ----    ----
   BIT SIZE         =   ----    ----
END OF MODULE INFORMATION.


C51 COMPILATION COMPLETE.  0 WARNING(S),  0 ERROR(S)
