C51 COMPILER V9.57.0.0   MAIN                                                              04/27/2022 14:21:09 PAGE 1   


C51 COMPILER V9.57.0.0, COMPILATION OF MODULE MAIN
OBJECT MODULE PLACED IN .\Objects\main.obj
COMPILER INVOKED BY: G:\Keil\C51\BIN\C51.EXE main.c OPTIMIZE(8,SPEED) BROWSE DEBUG OBJECTEXTEND PRINT(.\Listings\main.ls
                    -t) OBJECT(.\Objects\main.obj)

line level    source

   1          #include<reg52.h>
   2          #define uchar unsigned char
   3          #define uint unsigned int
   4          //声明键位
   5          sbit key1=P3^4;
   6          sbit key2=P3^5;
   7          sbit key3=P3^6;
   8          sbit key4=P3^7;
   9          //声明锁存器
  10          sbit dula=P2^6;
  11          sbit wela=P2^7;
  12          unsigned char code table[]={
  13              0x3f,0x06,0x5b,0x4f,
  14              0x66,0x6d,0x7d,0x07,
  15              0x7f,0x6f,0x77,0x7c,
  16              0x39,0x5e,0x79,0x71
  17          };
  18          //延时函数
  19          void delayms(uint);
  20          //定义变量
  21          uchar numt0,num;
  22          //显示函数
  23          void display(uchar numdis)
  24          {
  25   1              uchar shi,ge;
  26   1              shi=numdis/10;
  27   1              ge=numdis%10;
  28   1              
  29   1              dula=1;
  30   1              P0=table[shi];
  31   1              dula=0;
  32   1              P0=0xff;
  33   1              wela=1;
  34   1              P0=0xfe;
  35   1              wela=0;
  36   1              delayms(5);
  37   1              
  38   1              dula=1;
  39   1              P0=table[ge];
  40   1              dula=0;
  41   1              wela=1;
  42   1              P0=0xfd;
  43   1              wela=0;
  44   1              delayms(5);
  45   1      }
  46          
  47          void delayms(uint xms)
  48          {
  49   1              uint i,j;
  50   1              for(i=0;i<xms;i++)
  51   1                      for(j=0;j<110;j++);
  52   1      }
  53          
  54          void init()
C51 COMPILER V9.57.0.0   MAIN                                                              04/27/2022 14:21:09 PAGE 2   

  55          {
  56   1              TMOD=0X01;
  57   1              TH0=(65536-45872)/256;
  58   1              TL0=(65536-45872)%256;
  59   1              EA=1;
  60   1              ET0=1;
  61   1      }
  62          
  63          
  64          void keyscan()
  65          {
  66   1              if(key1==0)
  67   1              {
  68   2                      delayms(10);
  69   2                      if(key1==0)
  70   2                      {
  71   3                              num++;
  72   3                              if(num==60)
  73   3                                      num=0;
  74   3                              while(!key1);
  75   3                      }
  76   2              }
  77   1              if(key2==0)
  78   1              {
  79   2                      delayms(10);
  80   2                      if(key2==0)
  81   2                      {
  82   3                              
  83   3                              if(num==0)
  84   3                                      num=60;
  85   3                              num--;
  86   3                              while(!key2);
  87   3                      }
  88   2              }
  89   1              if(key3==0)
  90   1              {
  91   2                      delayms(10);
  92   2                      if(key3==0)
  93   2                      {
  94   3                              num=0;
  95   3                              while(!key3);
  96   3                      }
  97   2              }
  98   1              if(key4==0)
  99   1              {
 100   2                      delayms(10);
 101   2                      if(key4==0)
 102   2                      {
 103   3                              while(!key4);
 104   3                              TR0=~TR0;
 105   3                      }
 106   2              }
 107   1      }
 108          
 109          
 110          void main()
 111          {
 112   1              init();
 113   1              while(1)
 114   1              {
 115   2                      keyscan();
 116   2                      display(num);
C51 COMPILER V9.57.0.0   MAIN                                                              04/27/2022 14:21:09 PAGE 3   

 117   2              }
 118   1                      
 119   1      }
 120          
 121          void T0_time() interrupt 1
 122          {
 123   1              TH0=(65536-45872);
 124   1              TL0=(65536-45872);
 125   1              numt0++;
 126   1              if(numt0==20)
 127   1              {
 128   2                      numt0=0;
 129   2                      num++;
 130   2                      if(num==60)
 131   2                              num=0;
 132   2              }
 133   1      }
 134          
 135          
 136          


MODULE INFORMATION:   STATIC OVERLAYABLE
   CODE SIZE        =    241    ----
   CONSTANT SIZE    =     16    ----
   XDATA SIZE       =   ----    ----
   PDATA SIZE       =   ----    ----
   DATA SIZE        =      2       1
   IDATA SIZE       =   ----    ----
   BIT SIZE         =   ----    ----
END OF MODULE INFORMATION.


C51 COMPILATION COMPLETE.  0 WARNING(S),  0 ERROR(S)
