C51 COMPILER V9.57.0.0   LESSION1_1                                                        04/26/2022 21:40:57 PAGE 1   


C51 COMPILER V9.57.0.0, COMPILATION OF MODULE LESSION1_1
OBJECT MODULE PLACED IN .\Objects\lession1_1.obj
COMPILER INVOKED BY: G:\Keil\C51\BIN\C51.EXE lession1_1.c OPTIMIZE(8,SPEED) BROWSE DEBUG OBJECTEXTEND PRINT(.\Listings\l
                    -ession1_1.lst) OBJECT(.\Objects\lession1_1.obj)

line level    source

   1          #include<reg52.h>
   2          //位定义
   3          
   4          sbit d7=P1^7;
   5          //主函数
   6          //特点，无返回值，无参数
   7          void main()
   8          {
   9   1              P1=0x8f;
  10   1              while(1);
  11   1              
  12   1      }


MODULE INFORMATION:   STATIC OVERLAYABLE
   CODE SIZE        =      5    ----
   CONSTANT SIZE    =   ----    ----
   XDATA SIZE       =   ----    ----
   PDATA SIZE       =   ----    ----
   DATA SIZE        =   ----    ----
   IDATA SIZE       =   ----    ----
   BIT SIZE         =   ----    ----
END OF MODULE INFORMATION.


C51 COMPILATION COMPLETE.  0 WARNING(S),  0 ERROR(S)
