C51 COMPILER V9.57.0.0   MAIN                                                              05/01/2022 18:55:14 PAGE 1   


C51 COMPILER V9.57.0.0, COMPILATION OF MODULE MAIN
OBJECT MODULE PLACED IN .\Objects\main.obj
COMPILER INVOKED BY: G:\Keil\C51\BIN\C51.EXE main.c OPTIMIZE(8,SPEED) BROWSE DEBUG OBJECTEXTEND PRINT(.\Listings\main.ls
                    -t) OBJECT(.\Objects\main.obj)

line level    source

   1          #include<reg52.h>
   2          #define uchar unsigned char
   3          #define uint unsigned int
   4                  
   5          uchar flag,a,i;
   6          uchar code table[]="I get ";
   7          
   8          void init()
   9          {
  10   1              TMOD=0x20;
  11   1              TH1=0xfd;
  12   1              TL1=0xfd;
  13   1              TR1=1;
  14   1              REN=1;
  15   1              SM0=0;
  16   1              SM1=1;
  17   1              EA=1;
  18   1              ES=1;
  19   1              ET1=1;
  20   1      }
  21          
  22          void main()
  23          {
  24   1              init();
  25   1              while(1)
  26   1              {
  27   2                      if(flag==1)
  28   2                      {
  29   3                              ES=0;
  30   3                              for(i=0;i<6;i++)
  31   3                              {
  32   4                                      SBUF=table[i];
  33   4                                      while(!TI);
  34   4                                      TI=0;
  35   4                              }
  36   3                              SBUF=a;
  37   3                              while(!TI);
  38   3                              TI=0;
  39   3                              ES=1;
  40   3                              flag=0;
  41   3                      }
  42   2              }
  43   1      }
  44          
  45          void ser() interrupt 4
  46          {
  47   1              RI=0;
  48   1              a=SBUF;
  49   1              flag=1;
  50   1      }


MODULE INFORMATION:   STATIC OVERLAYABLE
   CODE SIZE        =     81    ----
C51 COMPILER V9.57.0.0   MAIN                                                              05/01/2022 18:55:14 PAGE 2   

   CONSTANT SIZE    =      7    ----
   XDATA SIZE       =   ----    ----
   PDATA SIZE       =   ----    ----
   DATA SIZE        =      3    ----
   IDATA SIZE       =   ----    ----
   BIT SIZE         =   ----    ----
END OF MODULE INFORMATION.


C51 COMPILATION COMPLETE.  0 WARNING(S),  0 ERROR(S)
