C51 COMPILER V9.57.0.0   MAIN                                                              04/30/2022 16:34:54 PAGE 1   


C51 COMPILER V9.57.0.0, COMPILATION OF MODULE MAIN
OBJECT MODULE PLACED IN .\Objects\main.obj
COMPILER INVOKED BY: G:\Keil\C51\BIN\C51.EXE main.c OPTIMIZE(8,SPEED) BROWSE DEBUG OBJECTEXTEND PRINT(.\Listings\main.ls
                    -t) OBJECT(.\Objects\main.obj)

line level    source

   1          #include<reg52.h>
   2          #include<intrins.h>
   3          #define uchar unsigned char
   4          #define uint unsigned int
   5          
   6          
   7          unsigned char code table[]={
   8              0x3f,0x06,0x5b,0x4f,
   9              0x66,0x6d,0x7d,0x07,
  10              0x7f,0x6f,0x77,0x7c,
  11              0x39,0x5e,0x79,0x71
  12          };
  13          
  14          //定义U1，U2锁存端，和ADC0804RD,WR引脚
  15          sbit dula=P2^6;
  16          sbit wela=P2^7;
  17          sbit adrd=P3^7;
  18          sbit adwr=P3^6;
  19          sbit u3=P2^5;
  20          
  21          //延时函数
  22          void delayms(uint xms)
  23          {
  24   1              uint i,j;
  25   1              for(i=0;i<xms;i++)
  26   1                      for(j=0;j<110;j++);
  27   1      }
  28          //数码管显示函数
  29          void display(uchar bai,uchar shi,uchar ge)
  30          {
  31   1              dula=1;
  32   1              P0=table[bai];
  33   1              dula=0;
  34   1              P0=0xff;
  35   1              wela=1;
  36   1              P0=0x7e;
  37   1              wela=0;
  38   1              delayms(5);
  39   1              
  40   1              dula=1;
  41   1              P0=table[shi];
  42   1              dula=0;
  43   1              P0=0xff;
  44   1              wela=1;
  45   1              P0=0x7d;
  46   1              wela=0;
  47   1              delayms(5);
  48   1              
  49   1              dula=1;
  50   1              P0=table[ge];
  51   1              dula=0;
  52   1              P0=0x7f;
  53   1              wela=1;
  54   1              P0=0x7b;
C51 COMPILER V9.57.0.0   MAIN                                                              04/30/2022 16:34:54 PAGE 2   

  55   1              wela=0;
  56   1              delayms(5);
  57   1              
  58   1      }
  59          
  60          
  61          //主程序
  62          void main()
  63          {
  64   1              uchar bai,shi,ge,a,i;
  65   1              //置CSAD为低
  66   1              u3=1;
  67   1              P1=0xff;
  68   1              u3=0;
  69   1              wela=1;
  70   1              P0=0x7f;
  71   1              wela=0;
  72   1              
  73   1              while(1)
  74   1              {
  75   2      
  76   2                      //启动A/D转换，进行采样
  77   2                      adwr=1;
  78   2                      _nop_();
  79   2                      adwr=0;
  80   2                      _nop_();
  81   2                      adwr=1;
  82   2      
  83   2      
  84   2                      //启动后延时，通过显示
  85   2                      for(i=0;i<10;i++)
  86   2                      {
  87   3                              display(bai,shi,ge);
  88   3                      }
  89   2                      //读取P1口，全部赋为1
  90   2                      P1=0xff;
  91   2                      //选通ADCS
  92   2                      adrd=1;
  93   2                      _nop_();
  94   2                      adrd=0;
  95   2                      _nop_();
  96   2                      //读取数据
  97   2                      a=P1;
  98   2                      _nop_();
  99   2                      adrd=1;
 100   2                      //解析数据
 101   2                      bai=a/100;
 102   2                      shi=a%100/10;
 103   2                      ge=a%10;
 104   2              }
 105   1      }


MODULE INFORMATION:   STATIC OVERLAYABLE
   CODE SIZE        =    198    ----
   CONSTANT SIZE    =     16    ----
   XDATA SIZE       =   ----    ----
   PDATA SIZE       =   ----    ----
   DATA SIZE        =   ----       5
   IDATA SIZE       =   ----    ----
   BIT SIZE         =   ----    ----
END OF MODULE INFORMATION.

C51 COMPILER V9.57.0.0   MAIN                                                              04/30/2022 16:34:54 PAGE 3   


C51 COMPILATION COMPLETE.  0 WARNING(S),  0 ERROR(S)
