C51 COMPILER V9.57.0.0   MAIN                                                              04/27/2022 14:03:22 PAGE 1   


C51 COMPILER V9.57.0.0, COMPILATION OF MODULE MAIN
OBJECT MODULE PLACED IN .\Objects\main.obj
COMPILER INVOKED BY: G:\Keil\C51\BIN\C51.EXE main.c OPTIMIZE(8,SPEED) BROWSE DEBUG OBJECTEXTEND PRINT(.\Listings\main.ls
                    -t) OBJECT(.\Objects\main.obj)

line level    source

   1          #include<reg52.h>
   2          #define uchar unsigned char
   3          #define uint unsigned int
   4          sbit led1=P1^0;
   5          sbit dula=P2^6;
   6          sbit wela=P2^7;
   7          uchar num,i;
   8          unsigned char code table[]={
   9              0x3f,0x06,0x5b,0x4f,
  10              0x66,0x6d,0x7d,0x07,
  11              0x7f,0x6f,0x77,0x7c,
  12              0x39,0x5e,0x79,0x71
  13          };
  14          void main()
  15          {
  16   1              i=0;
  17   1              TMOD=0x01;              //定义方式2，为16位计数器――TMOD
  18   1              TH0=(65536-45872)/256; //装初值为11.0592M晶振定时50ms数为45872.
  19   1              TL0=(65536-45872)%256;
  20   1              EA=1;                  //打开全局中断，解锁中断功能――IE
  21   1              ET0=1;                //打开T0中断――IE
  22   1              TR0=1;                //启动定时器0；――TCON
  23   1              while(1);
  24   1      }
  25          
  26          void T0_time() interrupt 1       
  27          {
  28   1              TH0=(65536-45872)/256; //重装初值
  29   1              TL0=(65536-45872)%256;
  30   1              num++;
  31   1              if(num==20)
  32   1              {
  33   2                      num=0;
  34   2                      P0=0xff;
  35   2                      wela=1;
  36   2                      P0=0xfe;
  37   2                      wela=0;
  38   2                      P0=0xff;
  39   2                      dula=1;
  40   2                      P0=table[i];
  41   2                      i++;
  42   2                      if(i>9)
  43   2                      {
  44   3                              i=0;
  45   3                      }
  46   2                      
  47   2              }
  48   1      }


MODULE INFORMATION:   STATIC OVERLAYABLE
   CODE SIZE        =     88    ----
   CONSTANT SIZE    =     16    ----
   XDATA SIZE       =   ----    ----
C51 COMPILER V9.57.0.0   MAIN                                                              04/27/2022 14:03:22 PAGE 2   

   PDATA SIZE       =   ----    ----
   DATA SIZE        =      2    ----
   IDATA SIZE       =   ----    ----
   BIT SIZE         =   ----    ----
END OF MODULE INFORMATION.


C51 COMPILATION COMPLETE.  0 WARNING(S),  0 ERROR(S)
