C51 COMPILER V9.57.0.0   MAIN                                                              05/01/2022 15:18:32 PAGE 1   


C51 COMPILER V9.57.0.0, COMPILATION OF MODULE MAIN
OBJECT MODULE PLACED IN .\Objects\main.obj
COMPILER INVOKED BY: G:\Keil\C51\BIN\C51.EXE main.c OPTIMIZE(8,SPEED) BROWSE DEBUG OBJECTEXTEND PRINT(.\Listings\main.ls
                    -t) OBJECT(.\Objects\main.obj)

line level    source

   1          #include<reg52.h>
   2          #define uchar unsigned char
   3          #define uint unsigned int
   4                  
   5          sbit dula=P2^6;
   6          sbit wela=P2^7;
   7          sbit dawr=P3^6;
   8          sbit dacs=P3^2;
   9          sbit beep=P2^3;
  10          
  11          void delayms(uint xms)
  12          {
  13   1              uint i,j;
  14   1              for(i=0;i<xms;i++)
  15   1                      for(j=0;j<110;j++);
  16   1      }
  17          
  18          void main()
  19          {
  20   1              uchar val,flag;
  21   1              dula=0;
  22   1              wela=0;
  23   1              dacs=0;
  24   1              dawr=0;
  25   1              P0=0;
  26   1              while(1)
  27   1              {
  28   2                      if(flag==0)
  29   2                      {
  30   3                              val+=5;
  31   3                              P0=val;
  32   3                              if(val==255)
  33   3                              {
  34   4                                      flag=1;
  35   4                                      dula=1;
  36   4                                      wela=1;
  37   4                                      //beep=0;
  38   4                                      delayms(1000);
  39   4                                      //beep=1;
  40   4                                      dula=0;
  41   4                                      wela=0;
  42   4                              }
  43   3                      }
  44   2                      if(flag==1)
  45   2                      {
  46   3                              val-=5;
  47   3                              P0=val;
  48   3                              if(val==0)
  49   3                              {
  50   4                                      flag=0;
  51   4                                      //beep=0;
  52   4                                      dula=1;
  53   4                                      wela=1;
  54   4                                      delayms(1000);
C51 COMPILER V9.57.0.0   MAIN                                                              05/01/2022 15:18:32 PAGE 2   

  55   4                                      //beep=1;
  56   4                                      dula=0;
  57   4                                      wela=0;
  58   4                              }
  59   3                      }
  60   2                      delayms(50);
  61   2              }
  62   1      }


MODULE INFORMATION:   STATIC OVERLAYABLE
   CODE SIZE        =    108    ----
   CONSTANT SIZE    =   ----    ----
   XDATA SIZE       =   ----    ----
   PDATA SIZE       =   ----    ----
   DATA SIZE        =   ----       1
   IDATA SIZE       =   ----    ----
   BIT SIZE         =   ----    ----
END OF MODULE INFORMATION.


C51 COMPILATION COMPLETE.  0 WARNING(S),  0 ERROR(S)
