C51 COMPILER V9.57.0.0   MAIN                                                              04/27/2022 15:36:21 PAGE 1   


C51 COMPILER V9.57.0.0, COMPILATION OF MODULE MAIN
OBJECT MODULE PLACED IN .\Objects\main.obj
COMPILER INVOKED BY: G:\Keil\C51\BIN\C51.EXE main.c OPTIMIZE(8,SPEED) BROWSE DEBUG OBJECTEXTEND PRINT(.\Listings\main.ls
                    -t) OBJECT(.\Objects\main.obj)

line level    source

   1          #include<reg52.h>
   2          #define uint unsigned int
   3          #define uchar unsigned char
   4          //¶¨ÒåËø´æÆ÷
   5          sbit dula=P2^6;
   6          sbit wela=P2^7;
   7          
   8          unsigned char code table[]={
   9              0x3f,0x06,0x5b,0x4f,
  10              0x66,0x6d,0x7d,0x07,
  11              0x7f,0x6f,0x77,0x7c,
  12              0x39,0x5e,0x79,0x71
  13          };
  14          
  15          void delayms(uint xms)
  16          {
  17   1              uint i,j;
  18   1              for(i=0;i<xms;i++)
  19   1                      for(j=0;j<110;j++);
  20   1      }
  21          
  22          void display(uchar num)
  23          {
  24   1              P0=table[num];
  25   1              dula=1;
  26   1              dula=0;
  27   1      }
  28          
  29          void matrixkeyscan()
  30          {
  31   1              uchar temp,key;
  32   1              
  33   1              P3=0xfe;
  34   1              temp=P3;
  35   1              temp=temp&0xf0;
  36   1              if(temp!=0xf0)
  37   1              {
  38   2                      delayms(10);
  39   2                      temp=P3;
  40   2                      temp=temp&0xf0;
  41   2                      if(temp!=0xf0)
  42   2                      {
  43   3                              temp=P3;
  44   3                              switch(temp)
  45   3                              {
  46   4                                      case 0xee:
  47   4                                              key=0;
  48   4                                              break;
  49   4                                      case 0xde:
  50   4                                              key=1;
  51   4                                              break;
  52   4                                      case 0xbe:
  53   4                                              key=2;
  54   4                                              break;
C51 COMPILER V9.57.0.0   MAIN                                                              04/27/2022 15:36:21 PAGE 2   

  55   4                                      case 0x7e:
  56   4                                              key=3;
  57   4                                              break;
  58   4                              }
  59   3                              while(temp!=0xf0)
  60   3                              {
  61   4                                      temp=P3;
  62   4                                      temp=temp&0xf0;
  63   4                              }
  64   3                              display(key);
  65   3                      }
  66   2              }
  67   1              
  68   1              P3=0xfd;
  69   1              temp=P3;
  70   1              temp=temp&0xf0;
  71   1              if(temp!=0xf0)
  72   1              {
  73   2                      delayms(10);
  74   2                      temp=P3;
  75   2                      temp=temp&0xf0;
  76   2                      if(temp!=0xf0)
  77   2                      {
  78   3                              temp=P3;
  79   3                              switch(temp)
  80   3                              {
  81   4                                      case 0xed:
  82   4                                              key=4;
  83   4                                              break;
  84   4                                      case 0xdd:
  85   4                                              key=5;
  86   4                                              break;
  87   4                                      case 0xbd:
  88   4                                              key=6;
  89   4                                              break;
  90   4                                      case 0x7d:
  91   4                                              key=7;
  92   4                                              break;
  93   4                              }
  94   3                              while(temp!=0xf0)
  95   3                              {
  96   4                                      temp=P3;
  97   4                                      temp=temp&0xf0;
  98   4                              }
  99   3                              display(key);
 100   3                      }
 101   2              }
 102   1              
 103   1              P3=0xfb;
 104   1              temp=P3;
 105   1              temp=temp&0xf0;
 106   1              if(temp!=0xf0)
 107   1              {
 108   2                      delayms(10);
 109   2                      temp=P3;
 110   2                      temp=temp&0xf0;
 111   2                      if(temp!=0xf0)
 112   2                      {
 113   3                              temp=P3;
 114   3                              switch(temp)
 115   3                              {
 116   4                                      case 0xeb:
C51 COMPILER V9.57.0.0   MAIN                                                              04/27/2022 15:36:21 PAGE 3   

 117   4                                              key=8;
 118   4                                              break;
 119   4                                      case 0xdb:
 120   4                                              key=9;
 121   4                                              break;
 122   4                                      case 0xbb:
 123   4                                              key=10;
 124   4                                              break;
 125   4                                      case 0x7b:
 126   4                                              key=11;
 127   4                                              break;
 128   4                              }
 129   3                              while(temp!=0xf0)
 130   3                              {
 131   4                                      temp=P3;
 132   4                                      temp=temp&0xf0;
 133   4                              }
 134   3                              display(key);
 135   3                      }
 136   2              }
 137   1              
 138   1              P3=0xf7;
 139   1              temp=P3;
 140   1              temp=temp&0xf0;
 141   1              if(temp!=0xf0)
 142   1              {
 143   2                      delayms(10);
 144   2                      temp=P3;
 145   2                      temp=temp&0xf0;
 146   2                      if(temp!=0xf0)
 147   2                      {
 148   3                              temp=P3;
 149   3                              switch(temp)
 150   3                              {
 151   4                                      case 0xe7:
 152   4                                              key=12;
 153   4                                              break;
 154   4                                      case 0xd7:
 155   4                                              key=13;
 156   4                                              break;
 157   4                                      case 0xb7:
 158   4                                              key=14;
 159   4                                              break;
 160   4                                      case 0x77:
 161   4                                              key=15;
 162   4                                              break;
 163   4                              }
 164   3                              while(temp!=0xf0)
 165   3                              {
 166   4                                      temp=P3;
 167   4                                      temp=temp&0xf0;
 168   4                              }
 169   3                              display(key);
 170   3                      }
 171   2              }
 172   1      }
 173          
 174          void main()
 175          {
 176   1              P0=0;
 177   1              dula=1;
 178   1              dula=0;
C51 COMPILER V9.57.0.0   MAIN                                                              04/27/2022 15:36:21 PAGE 4   

 179   1              P0=0xc0;
 180   1              wela=1;
 181   1              wela=0;
 182   1              while(1)
 183   1              {
 184   2                      matrixkeyscan();
 185   2              }
 186   1      }


MODULE INFORMATION:   STATIC OVERLAYABLE
   CODE SIZE        =    420    ----
   CONSTANT SIZE    =     16    ----
   XDATA SIZE       =   ----    ----
   PDATA SIZE       =   ----    ----
   DATA SIZE        =   ----       2
   IDATA SIZE       =   ----    ----
   BIT SIZE         =   ----    ----
END OF MODULE INFORMATION.


C51 COMPILATION COMPLETE.  0 WARNING(S),  0 ERROR(S)
