C51 COMPILER V9.57.0.0   MAIN                                                              04/26/2022 14:55:50 PAGE 1   


C51 COMPILER V9.57.0.0, COMPILATION OF MODULE MAIN
OBJECT MODULE PLACED IN .\Objects\main.obj
COMPILER INVOKED BY: G:\Keil\C51\BIN\C51.EXE main.c OPTIMIZE(8,SPEED) BROWSE DEBUG OBJECTEXTEND PRINT(.\Listings\main.ls
                    -t) OBJECT(.\Objects\main.obj)

line level    source

   1          #include<reg52.h>
   2          #define uint unsigned int
   3          
   4          sbit dula=P2^6;
   5          sbit wela=P2^7;
   6          
   7          //定义数码管的数字
   8          
   9          void main()
  10          {
  11   1              //根据两个锁存器的1,11脚和P0口
  12   1              //依次进行锁存器组合P0口操作
  13   1              P0=0x0c;
  14   1              wela=0;
  15   1              P0=0x7f;
  16   1              dula=0;
  17   1              while(1);
  18   1      }


MODULE INFORMATION:   STATIC OVERLAYABLE
   CODE SIZE        =     12    ----
   CONSTANT SIZE    =   ----    ----
   XDATA SIZE       =   ----    ----
   PDATA SIZE       =   ----    ----
   DATA SIZE        =   ----    ----
   IDATA SIZE       =   ----    ----
   BIT SIZE         =   ----    ----
END OF MODULE INFORMATION.


C51 COMPILATION COMPLETE.  0 WARNING(S),  0 ERROR(S)
