C51 COMPILER V9.57.0.0   MAIN                                                              04/26/2022 13:12:22 PAGE 1   


C51 COMPILER V9.57.0.0, COMPILATION OF MODULE MAIN
OBJECT MODULE PLACED IN .\Objects\main.obj
COMPILER INVOKED BY: G:\Keil\C51\BIN\C51.EXE main.c OPTIMIZE(8,SPEED) BROWSE DEBUG OBJECTEXTEND PRINT(.\Listings\main.ls
                    -t) OBJECT(.\Objects\main.obj)

line level    source

   1          #include<reg52.h>
   2          #define uint unsigned int
   3          
   4          void main()
   5          {
   6   1              uint i,j,temp;
   7   1              P1=0xff;
   8   1              temp=0;
   9   1              while(1)
  10   1              {       if(P1==0x00)
  11   2                      {
  12   3                              P1=0xff;
  13   3                      }
  14   2                      if(temp>16)
  15   2                      {
  16   3                              temp=0;
  17   3                      }
  18   2                      for(i=0;i<250;i++)
  19   2                              for(j=0;j<110;j++);
  20   2                      if(temp<8)
  21   2                      {
  22   3                              P1=P1<<1;
  23   3                      }
  24   2                      else
  25   2                      {
  26   3                              P1=P1>>1;
  27   3                      }
  28   2                      temp++;
  29   2                      for(i=0;i<250;i++)
  30   2                              for(j=0;j<110;j++);
  31   2                                      
  32   2              }
  33   1      }
  34          


MODULE INFORMATION:   STATIC OVERLAYABLE
   CODE SIZE        =    112    ----
   CONSTANT SIZE    =   ----    ----
   XDATA SIZE       =   ----    ----
   PDATA SIZE       =   ----    ----
   DATA SIZE        =   ----    ----
   IDATA SIZE       =   ----    ----
   BIT SIZE         =   ----    ----
END OF MODULE INFORMATION.


C51 COMPILATION COMPLETE.  0 WARNING(S),  0 ERROR(S)
