C51 COMPILER V9.57.0.0   LESSION1_2                                                        04/25/2022 20:23:29 PAGE 1   


C51 COMPILER V9.57.0.0, COMPILATION OF MODULE LESSION1_2
OBJECT MODULE PLACED IN .\Objects\lession1_2.obj
COMPILER INVOKED BY: G:\Keil\C51\BIN\C51.EXE lession1_2.c OPTIMIZE(8,SPEED) BROWSE DEBUG OBJECTEXTEND PRINT(.\Listings\l
                    -ession1_2.lst) OBJECT(.\Objects\lession1_2.obj)

line level    source

   1          #include<reg52.h>
   2          
   3          void main()
   4          {
   5   1              P1=0x00;
   6   1      }


MODULE INFORMATION:   STATIC OVERLAYABLE
   CODE SIZE        =      4    ----
   CONSTANT SIZE    =   ----    ----
   XDATA SIZE       =   ----    ----
   PDATA SIZE       =   ----    ----
   DATA SIZE        =   ----    ----
   IDATA SIZE       =   ----    ----
   BIT SIZE         =   ----    ----
END OF MODULE INFORMATION.


C51 COMPILATION COMPLETE.  0 WARNING(S),  0 ERROR(S)
