C51 COMPILER V9.57.0.0   MIAN                                                              04/26/2022 15:12:51 PAGE 1   


C51 COMPILER V9.57.0.0, COMPILATION OF MODULE MIAN
OBJECT MODULE PLACED IN .\Objects\mian.obj
COMPILER INVOKED BY: G:\Keil\C51\BIN\C51.EXE mian.c OPTIMIZE(8,SPEED) BROWSE DEBUG OBJECTEXTEND PRINT(.\Listings\mian.ls
                    -t) OBJECT(.\Objects\mian.obj)

line level    source

   1          #include<reg52.h>
   2          #define uint unsigned int
   3          
   4          unsigned char code table[]={
   5              0x3f,0x06,0x5b,0x4f,
   6              0x66,0x6d,0x7d,0x07,
   7              0x7f,0x6f,0x77,0x7c,
   8              0x39,0x5e,0x79,0x71
   9          };
  10          void delayms(uint);
  11          
  12          sbit dula=P2^6;
  13          sbit wela=P2^7;
  14          
  15          void main()
  16          {
  17   1              uint i;
  18   1              wela=1;
  19   1              P0=0xcf;
  20   1              wela=0;
  21   1              for(i=0;i<16;i++)
  22   1              {
  23   2                      dula=1;
  24   2                      P0=table[i];
  25   2                      dula=0;
  26   2                      delayms(500);
  27   2              }
  28   1              
  29   1      }
  30                  
  31                  
  32          void delayms(uint xms)
  33          {
  34   1              uint i,j;
  35   1              for(i=0;i<xms;i++)
  36   1                      for(j=0;j<110;j++);
  37   1      }


MODULE INFORMATION:   STATIC OVERLAYABLE
   CODE SIZE        =     89    ----
   CONSTANT SIZE    =     16    ----
   XDATA SIZE       =   ----    ----
   PDATA SIZE       =   ----    ----
   DATA SIZE        =   ----       2
   IDATA SIZE       =   ----    ----
   BIT SIZE         =   ----    ----
END OF MODULE INFORMATION.


C51 COMPILATION COMPLETE.  0 WARNING(S),  0 ERROR(S)
